<?xml version="1.0" encoding="UTF-8"?>
<!-- Generated by org.testng.reporters.JUnitXMLReporter -->
<testsuite ignored="0" hostname="LAPTOP-SBLO1NOB" failures="0" tests="3" name="Test" time="36.065" errors="0" timestamp="2024-12-20T12:21:25 PST">
  <testcase classname="testScenarios.DatePicker" name="selDate" time="9.834"/>
  <testcase classname="testScenarios.SwitchingWin" name="SwitchWindows" time="13.352"/>
  <testcase classname="testScenarios.CheckBoxAndRadioButton" name="radioChk" time="12.825"/>
</testsuite> <!-- Test -->
