<?xml version="1.0" encoding="UTF-8"?>
<!-- Generated by org.testng.reporters.JUnitXMLReporter -->
<testsuite ignored="0" hostname="LAPTOP-SBLO1NOB" failures="0" tests="3" name="Test" time="23.453" errors="0" timestamp="2024-12-28T06:34:47 PST">
  <testcase classname="testScenarios.DatePicker" name="selDate" time="6.914"/>
  <testcase classname="testScenarios.SwitchingWin" name="SwitchWindows" time="5.505"/>
  <testcase classname="testScenarios.CheckBoxAndRadioButton" name="radioChk" time="11.003"/>
</testsuite> <!-- Test -->
