<?xml version="1.0" encoding="UTF-8"?>
<testng-results ignored="0" total="3" passed="3" failed="0" skipped="0">
  <reporter-output>
  </reporter-output>
  <suite started-at="2024-12-28T06:34:23 PST" name="Suite" finished-at="2024-12-28T06:34:47 PST" duration-ms="23453">
    <groups>
    </groups>
    <test started-at="2024-12-28T06:34:23 PST" name="Test" finished-at="2024-12-28T06:34:47 PST" duration-ms="23453">
      <class name="testScenarios.CheckBoxAndRadioButton">
        <test-method signature="radioChk()[pri:0, instance:testScenarios.CheckBoxAndRadioButton@4f209819]" started-at="2024-12-28T06:34:36 PST" name="radioChk" finished-at="2024-12-28T06:34:47 PST" duration-ms="11003" status="PASS">
          <reporter-output>
          </reporter-output>
        </test-method> <!-- radioChk -->
      </class> <!-- testScenarios.CheckBoxAndRadioButton -->
      <class name="testScenarios.DatePicker">
        <test-method signature="selDate()[pri:0, instance:testScenarios.DatePicker@31368b99]" started-at="2024-12-28T06:34:23 PST" name="selDate" finished-at="2024-12-28T06:34:30 PST" duration-ms="6914" status="PASS">
          <reporter-output>
          </reporter-output>
        </test-method> <!-- selDate -->
      </class> <!-- testScenarios.DatePicker -->
      <class name="testScenarios.SwitchingWin">
        <test-method signature="SwitchWindows()[pri:0, instance:testScenarios.SwitchingWin@3d74bf60]" started-at="2024-12-28T06:34:30 PST" name="SwitchWindows" finished-at="2024-12-28T06:34:36 PST" duration-ms="5505" status="PASS">
          <reporter-output>
          </reporter-output>
        </test-method> <!-- SwitchWindows -->
      </class> <!-- testScenarios.SwitchingWin -->
    </test> <!-- Test -->
  </suite> <!-- Suite -->
</testng-results>
