<?xml version="1.0" encoding="UTF-8"?>
<testsuite xmlns:xsi="http://www.w3.org/2001/XMLSchema-instance" xsi:noNamespaceSchemaLocation="https://maven.apache.org/surefire/maven-surefire-plugin/xsd/surefire-test-report.xsd" version="3.0.1" name="TestSuite" time="23.839" tests="3" errors="0" skipped="0" failures="0">
  <properties>
[...]
</properties>
  <testcase name="selDate" classname="testScenarios.DatePicker" time="6.916">
    <system-err><![CDATA[SLF4J: Failed to load class "org.slf4j.impl.StaticLoggerBinder".
SLF4J: Defaulting to no-operation (NOP) logger implementation
SLF4J: See http://www.slf4j.org/codes.html#StaticLoggerBinder for further details.
]]></system-err>
  </testcase>
  <testcase name="SwitchWindows" classname="testScenarios.SwitchingWin" time="5.505">
    <system-out><![CDATA[Total Windows=2
552C48E0E8C5DA9743FF391C226EACCB
35420C0B0262ED6137201EDC3DE79951
Window 1 Title=W3Schools Tryit Editor
Window 2 Title=W3Schools Online Web Tutorials
]]></system-out>
  </testcase>
  <testcase name="radioChk" classname="testScenarios.CheckBoxAndRadioButton" time="11.017">
    <system-out><![CDATA[BMW Radio Button IS Selected..
Benz and Honda are selected..
]]></system-out>
  </testcase>
</testsuite>