<?xml version="1.0" encoding="UTF-8"?>
<testng-results ignored="0" total="1" passed="1" failed="0" skipped="0">
  <reporter-output>
  </reporter-output>
  <suite started-at="2024-12-23T10:05:33 PST" name="Default suite" finished-at="2024-12-23T10:05:50 PST" duration-ms="16586">
    <groups>
    </groups>
    <test started-at="2024-12-23T10:05:33 PST" name="Default test" finished-at="2024-12-23T10:05:50 PST" duration-ms="16586">
      <class name="testScenarios.DatePicker">
        <test-method signature="selDate()[pri:0, instance:testScenarios.DatePicker@27ce24aa]" started-at="2024-12-23T10:05:33 PST" name="selDate" finished-at="2024-12-23T10:05:50 PST" duration-ms="16533" status="PASS">
          <reporter-output>
          </reporter-output>
        </test-method> <!-- selDate -->
      </class> <!-- testScenarios.DatePicker -->
    </test> <!-- Default test -->
  </suite> <!-- Default suite -->
</testng-results>
